<?xml version="1.0" encoding="UTF-8"?>
<coverage generated="1594186960815" clover="3.2.0">
  <project timestamp="1594186960815" name="All files">
    <metrics statements="13" coveredstatements="3" conditionals="0" coveredconditionals="0" methods="3" coveredmethods="0" elements="16" coveredelements="3" complexity="0" loc="13" ncloc="13" packages="1" files="1" classes="1"/>
    <file name="form.js" path="C:\Development_Repo\Cypress\src\form.js">
      <metrics statements="13" coveredstatements="3" conditionals="0" coveredconditionals="0" methods="3" coveredmethods="0"/>
      <line num="1" count="1" type="stmt"/>
      <line num="3" count="1" type="stmt"/>
      <line num="4" count="0" type="stmt"/>
      <line num="5" count="0" type="stmt"/>
      <line num="8" count="1" type="stmt"/>
      <line num="9" count="0" type="stmt"/>
      <line num="10" count="0" type="stmt"/>
      <line num="11" count="0" type="stmt"/>
      <line num="12" count="0" type="stmt"/>
      <line num="13" count="0" type="stmt"/>
      <line num="14" count="0" type="stmt"/>
      <line num="15" count="0" type="stmt"/>
      <line num="16" count="0" type="stmt"/>
    </file>
  </project>
</coverage>
