{"total": {"lines":{"total":13,"covered":3,"skipped":0,"pct":23.08},"statements":{"total":13,"covered":3,"skipped":0,"pct":23.08},"functions":{"total":3,"covered":0,"skipped":0,"pct":0},"branches":{"total":0,"covered":0,"skipped":0,"pct":100}}
,"C:\\Development_Repo\\Cypress\\src\\form.js": {"lines":{"total":13,"covered":3,"skipped":0,"pct":23.08},"functions":{"total":3,"covered":0,"skipped":0,"pct":0},"statements":{"total":13,"covered":3,"skipped":0,"pct":23.08},"branches":{"total":0,"covered":0,"skipped":0,"pct":100}}
}
